<?xml version="1.0" encoding="utf-8" standalone="no"?>
<!--This file represents the results of running a test suite-->
<test-results name="D:\Nallenthal\SWRepositories\Online\XtensionSuite\XtensionSuiteTests\bin\Debug\XtensionSuite.Tests.dll" total="20" errors="1" failures="0" not-run="0" inconclusive="0" ignored="0" skipped="0" invalid="0" date="2012-11-05" time="18:13:34">
  <environment nunit-version="2.6.2.12296" clr-version="2.0.50727.5456" os-version="Microsoft Windows NT 6.1.7601 Service Pack 1" platform="Win32NT" cwd="D:\Nallenthal\SWRepositories\Online\XtensionSuite\XtensionSuiteTests\bin\Debug" machine-name="GANESHPERIASAMY" user="Ganesh Periasamy" user-domain="GaneshPeriasamy" />
  <culture-info current-culture="en-US" current-uiculture="en-US" />
  <test-suite type="Assembly" name="D:\Nallenthal\SWRepositories\Online\XtensionSuite\XtensionSuiteTests\bin\Debug\XtensionSuite.Tests.dll" executed="True" result="Failure" success="False" time="1.092" asserts="0">
    <results>
      <test-suite type="Namespace" name="Nallenthal" executed="True" result="Failure" success="False" time="1.085" asserts="0">
        <results>
          <test-suite type="Namespace" name="Common" executed="True" result="Failure" success="False" time="1.084" asserts="0">
            <results>
              <test-suite type="Namespace" name="XtensionSuiteTests" executed="True" result="Failure" success="False" time="1.084" asserts="0">
                <results>
                  <test-suite type="TestFixture" name="BoolXtensionsTests" executed="True" result="Failure" success="False" time="0.404" asserts="0">
                    <results>
                      <test-case name="Nallenthal.Common.XtensionSuiteTests.BoolXtensionsTests.Test_Methods_for_Bool" executed="True" result="Error" success="False" time="0.385" asserts="0">
                        <failure>
                          <message><![CDATA[Nallenthal.Common.ValueMismatchException`1[System.Boolean] : Value is not matching. Expected : False Actual: True]]></message>
                          <stack-trace><![CDATA[at Nallenthal.Common.XtensionSuite.BDDExtensions.BoolBDDXtensions.BoolBDDXtensions.ShouldBeFalse(Boolean item) in D:\Nallenthal\SWRepositories\Online\XtensionSuite\XtensionSuite\BDDXtensions\BoolBDDXtensions.cs:line 25
at Nallenthal.Common.XtensionSuiteTests.BoolXtensionsTests.Test_Methods_for_Bool() in D:\Nallenthal\SWRepositories\Online\XtensionSuite\XtensionSuiteTests\BoolXtensionsTests.cs:line 27
]]></stack-trace>
                        </failure>
                      </test-case>
                    </results>
                  </test-suite>
                  <test-suite type="TestFixture" name="DateTimeXtensionsTests" executed="True" result="Success" success="True" time="0.418" asserts="0">
                    <results>
                      <test-case name="Nallenthal.Common.XtensionSuiteTests.DateTimeXtensionsTests.Test_for_common_methods_based_on_age" executed="True" result="Success" success="True" time="0.209" asserts="0" />
                      <test-case name="Nallenthal.Common.XtensionSuiteTests.DateTimeXtensionsTests.Test_method_for_common_string_representations" executed="True" result="Success" success="True" time="0.001" asserts="0" />
                      <test-case name="Nallenthal.Common.XtensionSuiteTests.DateTimeXtensionsTests.Test_method_for_workingdays_and_holidays" executed="True" result="Success" success="True" time="0.001" asserts="0" />
                      <test-case name="Nallenthal.Common.XtensionSuiteTests.DateTimeXtensionsTests.Test_method_for_yesterday_today_and_tomorrow" executed="True" result="Success" success="True" time="0.003" asserts="0" />
                      <test-case name="Nallenthal.Common.XtensionSuiteTests.DateTimeXtensionsTests.Test_methods_based_on_days" executed="True" result="Success" success="True" time="0.003" asserts="0" />
                      <test-case name="Nallenthal.Common.XtensionSuiteTests.DateTimeXtensionsTests.Test_methods_for_get_next_xxx" executed="True" result="Success" success="True" time="0.082" asserts="0" />
                      <test-case name="Nallenthal.Common.XtensionSuiteTests.DateTimeXtensionsTests.Test_methods_for_get_previous_xxx" executed="True" result="Success" success="True" time="0.002" asserts="0" />
                      <test-case name="Nallenthal.Common.XtensionSuiteTests.DateTimeXtensionsTests.Test_methods_for_months" executed="True" result="Success" success="True" time="0.001" asserts="0" />
                      <test-case name="Nallenthal.Common.XtensionSuiteTests.DateTimeXtensionsTests.Tests_for_Add_a_xxx" executed="True" result="Success" success="True" time="0.003" asserts="0" />
                      <test-case name="Nallenthal.Common.XtensionSuiteTests.DateTimeXtensionsTests.Tests_for_Get_xxx_since" executed="True" result="Success" success="True" time="0.016" asserts="0" />
                      <test-case name="Nallenthal.Common.XtensionSuiteTests.DateTimeXtensionsTests.Tests_for_GetFirstxxxOfTheMonth" executed="True" result="Success" success="True" time="0.011" asserts="23" />
                      <test-case name="Nallenthal.Common.XtensionSuiteTests.DateTimeXtensionsTests.Tests_for_GetFirstxxxOfTheYear" executed="True" result="Success" success="True" time="0.003" asserts="23" />
                      <test-case name="Nallenthal.Common.XtensionSuiteTests.DateTimeXtensionsTests.Tests_for_GetLastxxxOfTheMonth" executed="True" result="Success" success="True" time="0.003" asserts="184" />
                      <test-case name="Nallenthal.Common.XtensionSuiteTests.DateTimeXtensionsTests.Tests_for_GetLastxxxOfTheYear" executed="True" result="Success" success="True" time="0.002" asserts="191" />
                      <test-case name="Nallenthal.Common.XtensionSuiteTests.DateTimeXtensionsTests.Tests_for_methods_older_than_xxx" executed="True" result="Success" success="True" time="0.001" asserts="0" />
                      <test-case name="Nallenthal.Common.XtensionSuiteTests.DateTimeXtensionsTests.Tests_for_methods_ToxxyyzzSep" executed="True" result="Success" success="True" time="0.005" asserts="0" />
                      <test-case name="Nallenthal.Common.XtensionSuiteTests.DateTimeXtensionsTests.Tests_for_methods_younger_than_xxx" executed="True" result="Success" success="True" time="0.000" asserts="0" />
                      <test-case name="Nallenthal.Common.XtensionSuiteTests.DateTimeXtensionsTests.Tests_for_Subtract_a_xxx" executed="True" result="Success" success="True" time="0.001" asserts="0" />
                      <test-case name="Nallenthal.Common.XtensionSuiteTests.DateTimeXtensionsTests.Tests_for_subtract_methods" executed="True" result="Success" success="True" time="0.001" asserts="0" />
                    </results>
                  </test-suite>
                </results>
              </test-suite>
            </results>
          </test-suite>
        </results>
      </test-suite>
    </results>
  </test-suite>
</test-results>